InnoDB: using atomic writes.
2019-07-19 13:17:30 0 [Note] InnoDB: The first innodb_system data file 'ibdata1' did not exist. A new tablespace will be created!
2019-07-19 13:17:30 0 [Note] InnoDB: Mutexes and rw_locks use Windows interlocked functions
2019-07-19 13:17:30 0 [Note] InnoDB: Uses event mutexes
2019-07-19 13:17:30 0 [Note] InnoDB: Compressed tables use zlib 1.2.11
2019-07-19 13:17:30 0 [Note] InnoDB: Number of pools: 1
2019-07-19 13:17:30 0 [Note] InnoDB: Using SSE2 crc32 instructions
2019-07-19 13:17:30 0 [Note] InnoDB: Initializing buffer pool, total size = 128M, instances = 1, chunk size = 128M
2019-07-19 13:17:30 0 [Note] InnoDB: Completed initialization of buffer pool
2019-07-19 13:17:30 0 [Note] InnoDB: Setting file '.\ibdata1' size to 12 MB. Physically writing the file full; Please wait ...
2019-07-19 13:17:30 0 [Note] InnoDB: File '.\ibdata1' size is now 12 MB.
2019-07-19 13:17:30 0 [Note] InnoDB: Setting log file .\ib_logfile101 size to 50331648 bytes
2019-07-19 13:17:30 0 [Note] InnoDB: Setting log file .\ib_logfile1 size to 50331648 bytes
2019-07-19 13:17:30 0 [Note] InnoDB: Renaming log file .\ib_logfile101 to .\ib_logfile0
2019-07-19 13:17:30 0 [Note] InnoDB: New log files created, LSN=17992
2019-07-19 13:17:30 0 [Note] InnoDB: Doublewrite buffer not found: creating new
2019-07-19 13:17:30 0 [Note] InnoDB: Doublewrite buffer created
2019-07-19 13:17:30 0 [Note] InnoDB: 128 out of 128 rollback segments are active.
2019-07-19 13:17:30 0 [Note] InnoDB: Creating foreign key constraint system tables.
2019-07-19 13:17:30 0 [Note] InnoDB: Creating tablespace and datafile system tables.
2019-07-19 13:17:30 0 [Note] InnoDB: Creating sys_virtual system tables.
2019-07-19 13:17:30 0 [Note] InnoDB: Creating shared tablespace for temporary tables
2019-07-19 13:17:30 0 [Note] InnoDB: Setting file '.\ibtmp1' size to 12 MB. Physically writing the file full; Please wait ...
2019-07-19 13:17:30 0 [Note] InnoDB: File '.\ibtmp1' size is now 12 MB.
2019-07-19 13:17:30 0 [Note] InnoDB: Waiting for purge to start
2019-07-19 13:17:30 0 [Note] InnoDB: 10.4.6 started; log sequence number 0; transaction id 7
2019-07-19 13:17:30 0 [Note] Plugin 'FEEDBACK' is disabled.
InnoDB: using atomic writes.
2019-07-19 13:33:35 0 [Note] InnoDB: Mutexes and rw_locks use Windows interlocked functions
2019-07-19 13:33:35 0 [Note] InnoDB: Uses event mutexes
2019-07-19 13:33:35 0 [Note] InnoDB: Compressed tables use zlib 1.2.11
2019-07-19 13:33:35 0 [Note] InnoDB: Number of pools: 1
2019-07-19 13:33:35 0 [Note] InnoDB: Using SSE2 crc32 instructions
2019-07-19 13:33:35 0 [Note] InnoDB: Initializing buffer pool, total size = 128M, instances = 1, chunk size = 128M
2019-07-19 13:33:35 0 [Note] InnoDB: Completed initialization of buffer pool
2019-07-19 13:33:35 0 [Note] InnoDB: 128 out of 128 rollback segments are active.
2019-07-19 13:33:35 0 [Note] InnoDB: Creating shared tablespace for temporary tables
2019-07-19 13:33:35 0 [Note] InnoDB: Setting file 'C:\wamp\mariadb\data\ibtmp1' size to 12 MB. Physically writing the file full; Please wait ...
2019-07-19 13:33:35 0 [Note] InnoDB: File 'C:\wamp\mariadb\data\ibtmp1' size is now 12 MB.
2019-07-19 13:33:35 0 [Note] InnoDB: Waiting for purge to start
2019-07-19 13:33:35 0 [Note] InnoDB: 10.4.6 started; log sequence number 140318; transaction id 21
2019-07-19 13:33:35 0 [Note] InnoDB: Loading buffer pool(s) from C:\wamp\mariadb\data\ib_buffer_pool
2019-07-19 13:33:35 0 [Note] Plugin 'FEEDBACK' is disabled.
2019-07-19 13:33:35 0 [Note] Server socket created on IP: '::'.
2019-07-19 13:33:3InnoDB: using atomic writes.
2019-07-19 13:36:00 0 [Note] InnoDB: Mutexes and rw_locks use Windows interlocked functions
2019-07-19 13:36:00 0 [Note] InnoDB: Uses event mutexes
2019-07-19 13:36:00 0 [Note] InnoDB: Compressed tables use zlib 1.2.11
2019-07-19 13:36:00 0 [Note] InnoDB: Number of pools: 1
2019-07-19 13:36:00 0 [Note] InnoDB: Using SSE2 crc32 instructions
2019-07-19 13:36:00 0 [Note] InnoDB: Initializing buffer pool, total size = 128M, instances = 1, chunk size = 128M
2019-07-19 13:36:00 0 [Note] InnoDB: Completed initialization of buffer pool
2019-07-19 13:36:00 0 [Note] InnoDB: Starting crash recovery from checkpoint LSN=140318
2019-07-19 13:36:00 0 [Note] InnoDB: 128 out of 128 rollback segments are active.
2019-07-19 13:36:00 0 [Note] InnoDB: Removed temporary tablespace data file: "ibtmp1"
2019-07-19 13:36:00 0 [Note] InnoDB: Creating shared tablespace for temporary tables
2019-07-19 13:36:00 0 [Note] InnoDB: Setting file 'C:\wamp\mariadb\data\ibtmp1' size to 12 MB. Physically writing the file full; Please wait ...
2019-07-19 13:36:00 0 [Note] InnoDB: File 'C:\wamp\mariadb\data\ibtmp1' size is now 12 MB.
2019-07-19 13:36:00 0 [Note] InnoDB: Waiting for purge to start
2019-07-19 13:36:00 0 [Note] InnoDB: 10.4.6 started; log sequence number 140327; transaction id 21
2019-07-19 13:36:00 0 [Note] InnoDB: Loading buffer pool(s) from C:\wamp\mariadb\data\ib_buffer_pool
2019-07-19 13:36:00 0 [Note] Plugin 'FEEDBACK' is disabled.
2019-07-19 13:36:00 0 [Note] Server socket created on IP: '::'.
InnoDB: using atomic writes.
2019-07-19 13:47:41 0 [Note] InnoDB: Mutexes and rw_locks use Windows interlocked functions
2019-07-19 13:47:41 0 [Note] InnoDB: Uses event mutexes
2019-07-19 13:47:41 0 [Note] InnoDB: Compressed tables use zlib 1.2.11
2019-07-19 13:47:41 0 [Note] InnoDB: Number of pools: 1
2019-07-19 13:47:41 0 [Note] InnoDB: Using SSE2 crc32 instructions
2019-07-19 13:47:41 0 [Note] InnoDB: Initializing buffer pool, total size = 128M, instances = 1, chunk size = 128M
2019-07-19 13:47:41 0 [Note] InnoDB: Completed initialization of buffer pool
2019-07-19 13:47:41 0 [Note] InnoDB: Starting crash recovery from checkpoint LSN=140336
2019-07-19 13:47:42 0 [Note] InnoDB: 128 out of 128 rollback segments are active.
2019-07-19 13:47:42 0 [Note] InnoDB: Removed temporary tablespace data file: "ibtmp1"
2019-07-19 13:47:42 0 [Note] InnoDB: Creating shared tablespace for temporary tables
2019-07-19 13:47:42 0 [Note] InnoDB: Setting file 'C:\wamp\mariadb\data\ibtmp1' size to 12 MB. Physically writing the file full; Please wait ...
2019-07-19 13:47:42 0 [Note] InnoDB: File 'C:\wamp\mariadb\data\ibtmp1' size is now 12 MB.
2019-07-19 13:47:42 0 [Note] InnoDB: Waiting for purge to start
2019-07-19 13:47:42 0 [Note] InnoDB: 10.4.6 started; log sequence number 140345; transaction id 21
2019-07-19 13:47:42 0 [Note] InnoDB: Loading buffer pool(s) from C:\wamp\mariadb\data\ib_buffer_pool
2019-07-19 13:47:42 0 [Note] Plugin 'FEEDBACK' is disabled.
2019-07-19 13:47:42 0 [Note] Server socket created on IP: '::'.
InnoDB: using atomic writes.
2019-07-19 15:38:05 0 [Note] InnoDB: Mutexes and rw_locks use Windows interlocked functions
2019-07-19 15:38:05 0 [Note] InnoDB: Uses event mutexes
2019-07-19 15:38:05 0 [Note] InnoDB: Compressed tables use zlib 1.2.11
2019-07-19 15:38:05 0 [Note] InnoDB: Number of pools: 1
2019-07-19 15:38:05 0 [Note] InnoDB: Using SSE2 crc32 instructions
2019-07-19 15:38:05 0 [Note] InnoDB: Initializing buffer pool, total size = 128M, instances = 1, chunk size = 128M
2019-07-19 15:38:05 0 [Note] InnoDB: Completed initialization of buffer pool
2019-07-19 15:38:05 0 [Note] InnoDB: Starting crash recovery from checkpoint LSN=140354
2019-07-19 15:38:06 0 [Note] InnoDB: 128 out of 128 rollback segments are active.
2019-07-19 15:38:06 0 [Note] InnoDB: Removed temporary tablespace data file: "ibtmp1"
2019-07-19 15:38:06 0 [Note] InnoDB: Creating shared tablespace for temporary tables
2019-07-19 15:38:06 0 [Note] InnoDB: Setting file 'C:\wamp\mariadb\data\ibtmp1' size to 12 MB. Physically writing the file full; Please wait ...
2019-07-19 15:38:06 0 [Note] InnoDB: File 'C:\wamp\mariadb\data\ibtmp1' size is now 12 MB.
2019-07-19 15:38:06 0 [Note] InnoDB: Waiting for purge to start
2019-07-19 15:38:06 0 [Note] InnoDB: 10.4.6 started; log sequence number 140363; transaction id 21
2019-07-19 15:38:06 0 [Note] InnoDB: Loading buffer pool(s) from C:\wamp\mariadb\data\ib_buffer_pool
2019-07-19 15:38:06 0 [Note] Plugin 'FEEDBACK' is disabled.
2019-07-19 15:38:06 0 [Note] InnoDB: Buffer pool(s) load completed at 190719 15:38:06
2019-07-19 15:38:06 0 [Note] Server socket created on IP: '::'.
InnoDB: using atomic writes.
2019-07-22  8:35:48 0 [Note] InnoDB: Mutexes and rw_locks use Windows interlocked functions
2019-07-22  8:35:48 0 [Note] InnoDB: Uses event mutexes
2019-07-22  8:35:48 0 [Note] InnoDB: Compressed tables use zlib 1.2.11
2019-07-22  8:35:48 0 [Note] InnoDB: Number of pools: 1
2019-07-22  8:35:48 0 [Note] InnoDB: Using SSE2 crc32 instructions
2019-07-22  8:35:48 0 [Note] InnoDB: Initializing buffer pool, total size = 128M, instances = 1, chunk size = 128M
2019-07-22  8:35:48 0 [Note] InnoDB: Completed initialization of buffer pool
2019-07-22  8:35:48 0 [Note] InnoDB: Starting crash recovery from checkpoint LSN=140372
2019-07-22  8:35:48 0 [Note] InnoDB: 128 out of 128 rollback segments are active.
2019-07-22  8:35:48 0 [Note] InnoDB: Removed temporary tablespace data file: "ibtmp1"
2019-07-22  8:35:48 0 [Note] InnoDB: Creating shared tablespace for temporary tables
2019-07-22  8:35:48 0 [Note] InnoDB: Setting file 'C:\wamp\mariadb\data\ibtmp1' size to 12 MB. Physically writing the file full; Please wait ...
2019-07-22  8:35:48 0 [Note] InnoDB: File 'C:\wamp\mariadb\data\ibtmp1' size is now 12 MB.
2019-07-22  8:35:48 0 [Note] InnoDB: Waiting for purge to start
2019-07-22  8:35:48 0 [Note] InnoDB: 10.4.6 started; log sequence number 140381; transaction id 21
2019-07-22  8:35:48 0 [Note] InnoDB: Loading buffer pool(s) from C:\wamp\mariadb\data\ib_buffer_pool
2019-07-22  8:35:48 0 [Note] Plugin 'FEEDBACK' is disabled.
2019-07-22  8:35:48 0 [Note] InnoDB: Buffer pool(s) load completed at 190722  8:35:48
2019-07-22  8:35:48 0 [Note] Server socket created on IP: '::'.
InnoDB: using atomic writes.
2019-07-23  9:29:25 0 [Note] InnoDB: Mutexes and rw_locks use Windows interlocked functions
2019-07-23  9:29:25 0 [Note] InnoDB: Uses event mutexes
2019-07-23  9:29:25 0 [Note] InnoDB: Compressed tables use zlib 1.2.11
2019-07-23  9:29:25 0 [Note] InnoDB: Number of pools: 1
2019-07-23  9:29:25 0 [Note] InnoDB: Using SSE2 crc32 instructions
2019-07-23  9:29:25 0 [Note] InnoDB: Initializing buffer pool, total size = 128M, instances = 1, chunk size = 128M
2019-07-23  9:29:25 0 [Note] InnoDB: Completed initialization of buffer pool
2019-07-23  9:29:25 0 [Note] InnoDB: Starting crash recovery from checkpoint LSN=140390
2019-07-23  9:29:25 0 [Note] InnoDB: 128 out of 128 rollback segments are active.
2019-07-23  9:29:25 0 [Note] InnoDB: Removed temporary tablespace data file: "ibtmp1"
2019-07-23  9:29:25 0 [Note] InnoDB: Creating shared tablespace for temporary tables
2019-07-23  9:29:25 0 [Note] InnoDB: Setting file 'C:\wamp\mariadb\data\ibtmp1' size to 12 MB. Physically writing the file full; Please wait ...
2019-07-23  9:29:25 0 [Note] InnoDB: File 'C:\wamp\mariadb\data\ibtmp1' size is now 12 MB.
2019-07-23  9:29:25 0 [Note] InnoDB: Waiting for purge to start
2019-07-23  9:29:26 0 [Note] InnoDB: 10.4.6 started; log sequence number 140399; transaction id 21
2019-07-23  9:29:26 0 [Note] InnoDB: Loading buffer pool(s) from C:\wamp\mariadb\data\ib_buffer_pool
2019-07-23  9:29:26 0 [Note] Plugin 'FEEDBACK' is disabled.
2019-07-23  9:29:26 0 [Note] InnoDB: Buffer pool(s) load completed at 190723  9:29:26
2019-07-23  9:29:26 0 [Note] Server socket created on IP: '::'.
InnoDB: using atomic writes.
2019-07-23 10:26:48 0 [Note] InnoDB: Mutexes and rw_locks use Windows interlocked functions
2019-07-23 10:26:48 0 [Note] InnoDB: Uses event mutexes
2019-07-23 10:26:48 0 [Note] InnoDB: Compressed tables use zlib 1.2.11
2019-07-23 10:26:48 0 [Note] InnoDB: Number of pools: 1
2019-07-23 10:26:48 0 [Note] InnoDB: Using SSE2 crc32 instructions
2019-07-23 10:26:48 0 [Note] InnoDB: Initializing buffer pool, total size = 128M, instances = 1, chunk size = 128M
2019-07-23 10:26:48 0 [Note] InnoDB: Completed initialization of buffer pool
2019-07-23 10:26:48 0 [Note] InnoDB: Starting crash recovery from checkpoint LSN=140408
2019-07-23 10:26:48 0 [Note] InnoDB: 128 out of 128 rollback segments are active.
2019-07-23 10:26:48 0 [Note] InnoDB: Removed temporary tablespace data file: "ibtmp1"
2019-07-23 10:26:48 0 [Note] InnoDB: Creating shared tablespace for temporary tables
2019-07-23 10:26:48 0 [Note] InnoDB: Setting file 'C:\wamp\mariadb\data\ibtmp1' size to 12 MB. Physically writing the file full; Please wait ...
2019-07-23 10:26:48 0 [Note] InnoDB: File 'C:\wamp\mariadb\data\ibtmp1' size is now 12 MB.
2019-07-23 10:26:48 0 [Note] InnoDB: Waiting for purge to start
2019-07-23 10:26:48 0 [Note] InnoDB: 10.4.6 started; log sequence number 140417; transaction id 21
2019-07-23 10:26:48 0 [Note] InnoDB: Loading buffer pool(s) from C:\wamp\mariadb\data\ib_buffer_pool
2019-07-23 10:26:48 0 [Note] Plugin 'FEEDBACK' is disabled.
2019-07-23 10:26:48 0 [Note] Server socket created on IP: '::'.
InnoDB: using atomic writes.
2019-07-23 13:04:14 0 [Note] InnoDB: Mutexes and rw_locks use Windows interlocked functions
2019-07-23 13:04:14 0 [Note] InnoDB: Uses event mutexes
2019-07-23 13:04:14 0 [Note] InnoDB: Compressed tables use zlib 1.2.11
2019-07-23 13:04:14 0 [Note] InnoDB: Number of pools: 1
2019-07-23 13:04:14 0 [Note] InnoDB: Using SSE2 crc32 instructions
2019-07-23 13:04:14 0 [Note] InnoDB: Initializing buffer pool, total size = 128M, instances = 1, chunk size = 128M
2019-07-23 13:04:14 0 [Note] InnoDB: Completed initialization of buffer pool
2019-07-23 13:04:14 0 [Note] InnoDB: Starting crash recovery from checkpoint LSN=140426
2019-07-23 13:04:14 0 [Note] InnoDB: 128 out of 128 rollback segments are active.
2019-07-23 13:04:14 0 [Note] InnoDB: Removed temporary tablespace data file: "ibtmp1"
2019-07-23 13:04:14 0 [Note] InnoDB: Creating shared tablespace for temporary tables
2019-07-23 13:04:14 0 [Note] InnoDB: Setting file 'C:\wamp\mariadb\data\ibtmp1' size to 12 MB. Physically writing the file full; Please wait ...
2019-07-23 13:04:14 0 [Note] InnoDB: File 'C:\wamp\mariadb\data\ibtmp1' size is now 12 MB.
2019-07-23 13:04:14 0 [Note] InnoDB: Waiting for purge to start
2019-07-23 13:04:14 0 [Note] InnoDB: 10.4.6 started; log sequence number 140435; transaction id 21
2019-07-23 13:04:14 0 [Note] InnoDB: Loading buffer pool(s) from C:\wamp\mariadb\data\ib_buffer_pool
2019-07-23 13:04:14 0 [Note] Plugin 'FEEDBACK' is disabled.
2019-07-23 13:04:14 0 [Note] InnoDB: Buffer pool(s) load completed at 190723 13:04:14
2019-07-23 13:04:14 0 [Note] Server socket created on IP: '::'.
InnoDB: using atomic writes.
2019-07-23 19:11:26 0 [Note] InnoDB: Mutexes and rw_locks use Windows interlocked functions
2019-07-23 19:11:26 0 [Note] InnoDB: Uses event mutexes
2019-07-23 19:11:26 0 [Note] InnoDB: Compressed tables use zlib 1.2.11
2019-07-23 19:11:26 0 [Note] InnoDB: Number of pools: 1
2019-07-23 19:11:26 0 [Note] InnoDB: Using SSE2 crc32 instructions
2019-07-23 19:11:26 0 [Note] InnoDB: Initializing buffer pool, total size = 128M, instances = 1, chunk size = 128M
2019-07-23 19:11:26 0 [Note] InnoDB: Completed initialization of buffer pool
2019-07-23 19:11:26 0 [Note] InnoDB: Starting crash recovery from checkpoint LSN=225087
2019-07-23 19:11:26 0 [Note] InnoDB: 128 out of 128 rollback segments are active.
2019-07-23 19:11:26 0 [Note] InnoDB: Removed temporary tablespace data file: "ibtmp1"
2019-07-23 19:11:26 0 [Note] InnoDB: Creating shared tablespace for temporary tables
2019-07-23 19:11:26 0 [Note] InnoDB: Setting file 'C:\wamp\mariadb\data\ibtmp1' size to 12 MB. Physically writing the file full; Please wait ...
2019-07-23 19:11:26 0 [Note] InnoDB: File 'C:\wamp\mariadb\data\ibtmp1' size is now 12 MB.
2019-07-23 19:11:26 0 [Note] InnoDB: Waiting for purge to start
2019-07-23 19:11:26 0 [Note] InnoDB: 10.4.6 started; log sequence number 225096; transaction id 85
2019-07-23 19:11:26 0 [Note] Plugin 'FEEDBACK' is disabled.
2019-07-23 19:11:26 0 [Note] InnoDB: Loading buffer pool(s) from C:\wamp\mariadb\data\ib_buffer_pool
2019-07-23 19:11:26 0 [Note] Server socket created on IP: '::'.
InnoDB: using atomic writes.
2019-07-25  8:21:36 0 [Note] InnoDB: Mutexes and rw_locks use Windows interlocked functions
2019-07-25  8:21:36 0 [Note] InnoDB: Uses event mutexes
2019-07-25  8:21:36 0 [Note] InnoDB: Compressed tables use zlib 1.2.11
2019-07-25  8:21:36 0 [Note] InnoDB: Number of pools: 1
2019-07-25  8:21:36 0 [Note] InnoDB: Using SSE2 crc32 instructions
2019-07-25  8:21:36 0 [Note] InnoDB: Initializing buffer pool, total size = 128M, instances = 1, chunk size = 128M
2019-07-25  8:21:36 0 [Note] InnoDB: Completed initialization of buffer pool
2019-07-25  8:21:36 0 [Note] InnoDB: Starting crash recovery from checkpoint LSN=225105
2019-07-25  8:21:36 0 [Note] InnoDB: 128 out of 128 rollback segments are active.
2019-07-25  8:21:36 0 [Note] InnoDB: Removed temporary tablespace data file: "ibtmp1"
2019-07-25  8:21:36 0 [Note] InnoDB: Creating shared tablespace for temporary tables
2019-07-25  8:21:36 0 [Note] InnoDB: Setting file 'C:\wamp\mariadb\data\ibtmp1' size to 12 MB. Physically writing the file full; Please wait ...
2019-07-25  8:21:36 0 [Note] InnoDB: File 'C:\wamp\mariadb\data\ibtmp1' size is now 12 MB.
2019-07-25  8:21:36 0 [Note] InnoDB: Waiting for purge to start
2019-07-25  8:21:36 0 [Note] InnoDB: 10.4.6 started; log sequence number 225114; transaction id 85
2019-07-25  8:21:36 0 [Note] InnoDB: Loading buffer pool(s) from C:\wamp\mariadb\data\ib_buffer_pool
2019-07-25  8:21:36 0 [Note] Plugin 'FEEDBACK' is disabled.
2019-07-25  8:21:36 0 [Note] InnoDB: Buffer pool(s) load completed at 190725  8:21:36
2019-07-25  8:21:36 0 [Note] Server socket created on IP: '::'.
InnoDB: using atomic writes.
2019-07-25 14:48:23 0 [Note] InnoDB: Mutexes and rw_locks use Windows interlocked functions
2019-07-25 14:48:23 0 [Note] InnoDB: Uses event mutexes
2019-07-25 14:48:23 0 [Note] InnoDB: Compressed tables use zlib 1.2.11
2019-07-25 14:48:23 0 [Note] InnoDB: Number of pools: 1
2019-07-25 14:48:23 0 [Note] InnoDB: Using SSE2 crc32 instructions
2019-07-25 14:48:23 0 [Note] InnoDB: Initializing buffer pool, total size = 128M, instances = 1, chunk size = 128M
2019-07-25 14:48:23 0 [Note] InnoDB: Completed initialization of buffer pool
2019-07-25 14:48:23 0 [Note] InnoDB: Starting crash recovery from checkpoint LSN=2379755
2019-07-25 14:48:23 0 [Note] InnoDB: 128 out of 128 rollback segments are active.
2019-07-25 14:48:23 0 [Note] InnoDB: Removed temporary tablespace data file: "ibtmp1"
2019-07-25 14:48:23 0 [Note] InnoDB: Creating shared tablespace for temporary tables
2019-07-25 14:48:23 0 [Note] InnoDB: Setting file 'C:\wamp\mariadb\data\ibtmp1' size to 12 MB. Physically writing the file full; Please wait ...
2019-07-25 14:48:23 0 [Note] InnoDB: File 'C:\wamp\mariadb\data\ibtmp1' size is now 12 MB.
2019-07-25 14:48:23 0 [Note] InnoDB: Waiting for purge to start
2019-07-25 14:48:23 0 [Note] InnoDB: 10.4.6 started; log sequence number 2379764; transaction id 327
2019-07-25 14:48:23 0 [Note] Plugin 'FEEDBACK' is disabled.
2019-07-25 14:48:23 0 [Note] InnoDB: Loading buffer pool(s) from C:\wamp\mariadb\data\ib_buffer_pool
2019-07-25 14:48:23 0 [Note] InnoDB: Buffer pool(s) load completed at 190725 14:48:23
2019-07-25 14:48:23 0 [Note] Server socket created on IP: '::'.
InnoDB: using atomic writes.
2019-07-25 15:08:57 0 [Note] InnoDB: Mutexes and rw_locks use Windows interlocked functions
2019-07-25 15:08:57 0 [Note] InnoDB: Uses event mutexes
2019-07-25 15:08:57 0 [Note] InnoDB: Compressed tables use zlib 1.2.11
2019-07-25 15:08:57 0 [Note] InnoDB: Number of pools: 1
2019-07-25 15:08:57 0 [Note] InnoDB: Using SSE2 crc32 instructions
2019-07-25 15:08:57 0 [Note] InnoDB: Initializing buffer pool, total size = 128M, instances = 1, chunk size = 128M
2019-07-25 15:08:57 0 [Note] InnoDB: Completed initialization of buffer pool
2019-07-25 15:08:57 0 [Note] InnoDB: Starting crash recovery from checkpoint LSN=2379789
2019-07-25 15:08:57 0 [Note] InnoDB: 128 out of 128 rollback segments are active.
2019-07-25 15:08:57 0 [Note] InnoDB: Removed temporary tablespace data file: "ibtmp1"
2019-07-25 15:08:57 0 [Note] InnoDB: Creating shared tablespace for temporary tables
2019-07-25 15:08:57 0 [Note] InnoDB: Setting file 'C:\wamp\mariadb\data\ibtmp1' size to 12 MB. Physically writing the file full; Please wait ...
2019-07-25 15:08:57 0 [Note] InnoDB: File 'C:\wamp\mariadb\data\ibtmp1' size is now 12 MB.
2019-07-25 15:08:57 0 [Note] InnoDB: Waiting for purge to start
2019-07-25 15:08:57 0 [Note] InnoDB: 10.4.6 started; log sequence number 2379798; transaction id 327
2019-07-25 15:08:57 0 [Note] InnoDB: Loading buffer pool(s) from C:\wamp\mariadb\data\ib_buffer_pool
2019-07-25 15:08:57 0 [Note] Plugin 'FEEDBACK' is disabled.
2019-07-25 15:08:58 0 [Note] InnoDB: Buffer pool(s) load completed at 190725 15:08:58
2019-07-25 15:08:58 0 [Note] Server socket created on IP: '::'.
InnoDB: using atomic writes.
2019-07-26  8:06:43 0 [Note] InnoDB: Mutexes and rw_locks use Windows interlocked functions
2019-07-26  8:06:43 0 [Note] InnoDB: Uses event mutexes
2019-07-26  8:06:43 0 [Note] InnoDB: Compressed tables use zlib 1.2.11
2019-07-26  8:06:43 0 [Note] InnoDB: Number of pools: 1
2019-07-26  8:06:43 0 [Note] InnoDB: Using SSE2 crc32 instructions
2019-07-26  8:06:43 0 [Note] InnoDB: Initializing buffer pool, total size = 128M, instances = 1, chunk size = 128M
2019-07-26  8:06:43 0 [Note] InnoDB: Completed initialization of buffer pool
2019-07-26  8:06:43 0 [Note] InnoDB: Starting crash recovery from checkpoint LSN=2389830
2019-07-26  8:06:43 0 [Note] InnoDB: 128 out of 128 rollback segments are active.
2019-07-26  8:06:43 0 [Note] InnoDB: Removed temporary tablespace data file: "ibtmp1"
2019-07-26  8:06:43 0 [Note] InnoDB: Creating shared tablespace for temporary tables
2019-07-26  8:06:43 0 [Note] InnoDB: Setting file 'C:\wamp\mariadb\data\ibtmp1' size to 12 MB. Physically writing the file full; Please wait ...
2019-07-26  8:06:43 0 [Note] InnoDB: File 'C:\wamp\mariadb\data\ibtmp1' size is now 12 MB.
2019-07-26  8:06:43 0 [Note] InnoDB: Waiting for purge to start
2019-07-26  8:06:43 0 [Note] InnoDB: 10.4.6 started; log sequence number 2389839; transaction id 373
2019-07-26  8:06:43 0 [Note] InnoDB: Loading buffer pool(s) from C:\wamp\mariadb\data\ib_buffer_pool
2019-07-26  8:06:43 0 [Note] Plugin 'FEEDBACK' is disabled.
2019-07-26  8:06:43 0 [Note] InnoDB: Buffer pool(s) load completed at 190726  8:06:43
2019-07-26  8:06:43 0 [Note] Server socket created on IP: '::'.
InnoDB: using atomic writes.
2019-07-26 15:00:56 0 [Note] InnoDB: Mutexes and rw_locks use Windows interlocked functions
2019-07-26 15:00:56 0 [Note] InnoDB: Uses event mutexes
2019-07-26 15:00:56 0 [Note] InnoDB: Compressed tables use zlib 1.2.11
2019-07-26 15:00:56 0 [Note] InnoDB: Number of pools: 1
2019-07-26 15:00:56 0 [Note] InnoDB: Using SSE2 crc32 instructions
2019-07-26 15:00:56 0 [Note] InnoDB: Initializing buffer pool, total size = 128M, instances = 1, chunk size = 128M
2019-07-26 15:00:56 0 [Note] InnoDB: Completed initialization of buffer pool
2019-07-26 15:00:56 0 [Note] InnoDB: Starting crash recovery from checkpoint LSN=2423611
2019-07-26 15:00:57 0 [ERROR] InnoDB: Operating system error number 3 in a file operation.
2019-07-26 15:00:57 0 [ERROR] InnoDB: The error means the system cannot find the path specified.
2019-07-26 15:00:57 0 [ERROR] InnoDB: If you are installing InnoDB, remember that you must create directories yourself, InnoDB does not create them.
2019-07-26 15:00:57 0 [ERROR] InnoDB: Cannot open datafile for read-only: '.\it2go\it2go_comuni.ibd' OS error: 203
2019-07-26 15:00:57 0 [ERROR] InnoDB: Operating system error number 203 in a file operation.
2019-07-26 15:00:57 0 [Note] InnoDB: Some operating system error numbers are described at https://mariadb.com/kb/en/library/operating-system-error-codes/
2019-07-26 15:00:57 0 [ERROR] InnoDB: Could not find a valid tablespace file for ``it2go`.`it2go_comuni``. Please refer to https://mariadb.com/kb/en/innodb-data-dictionary-troubleshooting/ for how to resolve the issue.
2019-07-26 15:00:57 0 [Warning] InnoDB: Ignoring tablespace for `it2go`.`it2go_comuni` because it could not be opened.
2019-07-26 15:00:57 0 [ERROR] InnoDB: Operating system error number 3 in a file operation.
2019-07-26 15:00:57 0 [ERROR] InnoDB: The error means the system cannot find the path specified.
2019-07-26 15:00:57 0 [ERROR] InnoDB: If you are installing InnoDB, remember that you must create directories yourself, InnoDB does not create them.
2019-07-26 15:00:57 0 [ERROR] InnoDB: Cannot open datafile for read-only: '.\it2go\it2go_news.ibd' OS error: 203
2019-07-26 15:00:57 0 [ERROR] InnoDB: Operating system error number 203 in a file operation.
2019-07-26 15:00:57 0 [Note] InnoDB: Some operating system error numbers are described at https://mariadb.com/kb/en/library/operating-system-error-codes/
2019-07-26 15:00:57 0 [ERROR] InnoDB: Could not find a valid tablespace file for ``it2go`.`it2go_news``. Please refer to https://mariadb.com/kb/en/innodb-data-dictionary-troubleshooting/ for how to resolve the issue.
2019-07-26 15:00:57 0 [Warning] InnoDB: Ignoring tablespace for `it2go`.`it2go_news` because it could not be opened.
2019-07-26 15:00:57 0 [ERROR] InnoDB: Operating system error number 3 in a file operation.
2019-07-26 15:00:57 0 [ERROR] InnoDB: The error means the system cannot find the path specified.
2019-07-26 15:00:57 0 [ERROR] InnoDB: If you are installing InnoDB, remember that you must create directories yourself, InnoDB does not create them.
2019-07-26 15:00:57 0 [ERROR] InnoDB: Cannot open datafile for read-only: '.\it2go\it2go_objecten.ibd' OS error: 203
2019-07-26 15:00:57 0 [ERROR] InnoDB: Operating system error number 203 in a file operation.
2019-07-26 15:00:57 0 [Note] InnoDB: Some operating system error numbers are described at https://mariadb.com/kb/en/library/operating-system-error-codes/
2019-07-26 15:00:57 0 [ERROR] InnoDB: Could not find a valid tablespace file for ``it2go`.`it2go_objecten``. Please refer to https://mariadb.com/kb/en/innodb-data-dictionary-troubleshooting/ for how to resolve the issue.
2019-07-26 15:00:57 0 [Warning] InnoDB: Ignoring tablespace for `it2go`.`it2go_objecten` because it could not be opened.
2019-07-26 15:00:57 0 [ERROR] InnoDB: Operating system error number 3 in a file operation.
2019-07-26 15:00:57 0 [ERROR] InnoDB: The error means the system cannot find the path specified.
2019-07-26 15:00:57 0 [ERROR] InnoDB: If you are installing InnoDB, remember that you must create directories yourself, InnoDB does not create them.
2019-07-26 15:00:57 0 [ERROR] InnoDB: Cannot open datafile for read-only: '.\it2go\it2go_objecten_orig.ibd' OS error: 203
2019-07-26 15:00:57 0 [ERROR] InnoDB: Operating system error number 203 in a file operation.
2019-07-26 15:00:57 0 [Note] InnoDB: Some operating system error numbers are described at https://mariadb.com/kb/en/library/operating-system-error-codes/
2019-07-26 15:00:57 0 [ERROR] InnoDB: Could not find a valid tablespace file for ``it2go`.`it2go_objecten_orig``. Please refer to https://mariadb.com/kb/en/innodb-data-dictionary-troubleshooting/ for how to resolve the issue.
2019-07-26 15:00:57 0 [Warning] InnoDB: Ignoring tablespace for `it2go`.`it2go_objecten_orig` because it could not be opened.
2019-07-26 15:00:57 0 [ERROR] InnoDB: Operating system error number 3 in a file operation.
2019-07-26 15:00:57 0 [ERROR] InnoDB: The error means the system cannot find the path specified.
2019-07-26 15:00:57 0 [ERROR] InnoDB: If you are installing InnoDB, remember that you must create directories yourself, InnoDB does not create them.
2019-07-26 15:00:57 0 [ERROR] InnoDB: Cannot open datafile for read-only: '.\it2go\it2go_objsoort.ibd' OS error: 203
2019-07-26 15:00:57 0 [ERROR] InnoDB: Operating system error number 203 in a file operation.
2019-07-26 15:00:57 0 [Note] InnoDB: Some operating system error numbers are described at https://mariadb.com/kb/en/library/operating-system-error-codes/
2019-07-26 15:00:57 0 [ERROR] InnoDB: Could not find a valid tablespace file for ``it2go`.`it2go_objsoort``. Please refer to https://mariadb.com/kb/en/innodb-data-dictionary-troubleshooting/ for how to resolve the issue.
2019-07-26 15:00:57 0 [Warning] InnoDB: Ignoring tablespace for `it2go`.`it2go_objsoort` because it could not be opened.
2019-07-26 15:00:57 0 [ERROR] InnoDB: Operating system error number 3 in a file operation.
2019-07-26 15:00:57 0 [ERROR] InnoDB: The error means the system cannot find the path specified.
2019-07-26 15:00:57 0 [ERROR] InnoDB: If you are installing InnoDB, remember that you must create directories yourself, InnoDB does not create them.
2019-07-26 15:00:57 0 [ERROR] InnoDB: Cannot open datafile for read-only: '.\it2go\it2go_operators.ibd' OS error: 203
2019-07-26 15:00:57 0 [ERROR] InnoDB: Operating system error number 203 in a file operation.
2019-07-26 15:00:57 0 [Note] InnoDB: Some operating system error numbers are described at https://mariadb.com/kb/en/library/operating-system-error-codes/
2019-07-26 15:00:57 0 [ERROR] InnoDB: Could not find a valid tablespace file for ``it2go`.`it2go_operators``. Please refer to https://mariadb.com/kb/en/innodb-data-dictionary-troubleshooting/ for how to resolve the issue.
2019-07-26 15:00:57 0 [Warning] InnoDB: Ignoring tablespace for `it2go`.`it2go_operators` because it could not be opened.
2019-07-26 15:00:57 0 [ERROR] InnoDB: Operating system error number 3 in a file operation.
2019-07-26 15:00:57 0 [ERROR] InnoDB: The error means the system cannot find the path specified.
2019-07-26 15:00:57 0 [ERROR] InnoDB: If you are installing InnoDB, remember that you must create directories yourself, InnoDB does not create them.
2019-07-26 15:00:57 0 [ERROR] InnoDB: Cannot open datafile for read-only: '.\it2go\it2go_pages.ibd' OS error: 203
2019-07-26 15:00:57 0 [ERROR] InnoDB: Operating system error number 203 in a file operation.
2019-07-26 15:00:57 0 [Note] InnoDB: Some operating system error numbers are described at https://mariadb.com/kb/en/library/operating-system-error-codes/
2019-07-26 15:00:57 0 [ERROR] InnoDB: Could not find a valid tablespace file for ``it2go`.`it2go_pages``. Please refer to https://mariadb.com/kb/en/innodb-data-dictionary-troubleshooting/ for how to resolve the issue.
2019-07-26 15:00:57 0 [Warning] InnoDB: Ignoring tablespace for `it2go`.`it2go_pages` because it could not be opened.
2019-07-26 15:00:57 0 [ERROR] InnoDB: Operating system error number 3 in a file operation.
2019-07-26 15:00:57 0 [ERROR] InnoDB: The error means the system cannot find the path specified.
2019-07-26 15:00:57 0 [ERROR] InnoDB: If you are installing InnoDB, remember that you must create directories yourself, InnoDB does not create them.
2019-07-26 15:00:57 0 [ERROR] InnoDB: Cannot open datafile for read-only: '.\it2go\it2go_pics.ibd' OS error: 203
2019-07-26 15:00:57 0 [ERROR] InnoDB: Operating system error number 203 in a file operation.
2019-07-26 15:00:57 0 [Note] InnoDB: Some operating system error numbers are described at https://mariadb.com/kb/en/library/operating-system-error-codes/
2019-07-26 15:00:57 0 [ERROR] InnoDB: Could not find a valid tablespace file for ``it2go`.`it2go_pics``. Please refer to https://mariadb.com/kb/en/innodb-data-dictionary-troubleshooting/ for how to resolve the issue.
2019-07-26 15:00:57 0 [Warning] InnoDB: Ignoring tablespace for `it2go`.`it2go_pics` because it could not be opened.
2019-07-26 15:00:57 0 [ERROR] InnoDB: Operating system error number 3 in a file operation.
2019-07-26 15:00:57 0 [ERROR] InnoDB: The error means the system cannot find the path specified.
2019-07-26 15:00:57 0 [ERROR] InnoDB: If you are installing InnoDB, remember that you must create directories yourself, InnoDB does not create them.
2019-07-26 15:00:57 0 [ERROR] InnoDB: Cannot open datafile for read-only: '.\it2go\it2go_provincie.ibd' OS error: 203
2019-07-26 15:00:57 0 [ERROR] InnoDB: Operating system error number 203 in a file operation.
2019-07-26 15:00:57 0 [Note] InnoDB: Some operating system error numbers are described at https://mariadb.com/kb/en/library/operating-system-error-codes/
2019-07-26 15:00:57 0 [ERROR] InnoDB: Could not find a valid tablespace file for ``it2go`.`it2go_provincie``. Please refer to https://mariadb.com/kb/en/innodb-data-dictionary-troubleshooting/ for how to resolve the issue.
2019-07-26 15:00:57 0 [Warning] InnoDB: Ignoring tablespace for `it2go`.`it2go_provincie` because it could not be opened.
2019-07-26 15:00:57 0 [ERROR] InnoDB: Operating system error number 3 in a file operation.
2019-07-26 15:00:57 0 [ERROR] InnoDB: The error means the system cannot find the path specified.
2019-07-26 15:00:57 0 [ERROR] InnoDB: If you are installing InnoDB, remember that you must create directories yourself, InnoDB does not create them.
2019-07-26 15:00:57 0 [ERROR] InnoDB: Cannot open datafile for read-only: '.\it2go\it2go_rubrieken.ibd' OS error: 203
2019-07-26 15:00:57 0 [ERROR] InnoDB: Operating system error number 203 in a file operation.
2019-07-26 15:00:57 0 [Note] InnoDB: Some operating system error numbers are described at https://mariadb.com/kb/en/library/operating-system-error-codes/
2019-07-26 15:00:57 0 [ERROR] InnoDB: Could not find a valid tablespace file for ``it2go`.`it2go_rubrieken``. Please refer to https://mariadb.com/kb/en/innodb-data-dictionary-troubleshooting/ for how to resolve the issue.
2019-07-26 15:00:57 0 [Warning] InnoDB: Ignoring tablespace for `it2go`.`it2go_rubrieken` because it could not be opened.
2019-07-26 15:00:57 0 [ERROR] InnoDB: Operating system error number 3 in a file operation.
2019-07-26 15:00:57 0 [ERROR] InnoDB: The error means the system cannot find the path specified.
2019-07-26 15:00:57 0 [ERROR] InnoDB: If you are installing InnoDB, remember that you must create directories yourself, InnoDB does not create them.
2019-07-26 15:00:57 0 [ERROR] InnoDB: Cannot open datafile for read-only: '.\it2go\it2go_stats.ibd' OS error: 203
2019-07-26 15:00:57 0 [ERROR] InnoDB: Operating system error number 203 in a file operation.
2019-07-26 15:00:57 0 [Note] InnoDB: Some operating system error numbers are described at https://mariadb.com/kb/en/library/operating-system-error-codes/
2019-07-26 15:00:57 0 [ERROR] InnoDB: Could not find a valid tablespace file for ``it2go`.`it2go_stats``. Please refer to https://mariadb.com/kb/en/innodb-data-dictionary-troubleshooting/ for how to resolve the issue.
2019-07-26 15:00:57 0 [Warning] InnoDB: Ignoring tablespace for `it2go`.`it2go_stats` because it could not be opened.
2019-07-26 15:00:57 0 [Note] InnoDB: 128 out of 128 rollback segments are active.
2019-07-26 15:00:57 0 [Note] InnoDB: Removed temporary tablespace data file: "ibtmp1"
2019-07-26 15:00:57 0 [Note] InnoDB: Creating shared tablespace for temporary tables
2019-07-26 15:00:57 0 [Note] InnoDB: Setting file 'C:\zamp\mariadb\data\ibtmp1' size to 12 MB. Physically writing the file full; Please wait ...
2019-07-26 15:00:57 0 [Note] InnoDB: File 'C:\zamp\mariadb\data\ibtmp1' size is now 12 MB.
2019-07-26 15:00:57 0 [Note] InnoDB: Waiting for purge to start
2019-07-26 15:00:57 2 [ERROR] InnoDB: Failed to find tablespace for table `it2go`.`it2go_stats` in the cache. Attempting to load the tablespace with space id 16
2019-07-26 15:00:57 2 [ERROR] InnoDB: Operating system error number 3 in a file operation.
2019-07-26 15:00:57 2 [ERROR] InnoDB: The error means the system cannot find the path specified.
2019-07-26 15:00:57 2 [ERROR] InnoDB: If you are installing InnoDB, remember that you must create directories yourself, InnoDB does not create them.
2019-07-26 15:00:57 2 [ERROR] InnoDB: Cannot open datafile for read-only: '.\it2go\it2go_stats.ibd' OS error: 203
2019-07-26 15:00:57 2 [ERROR] InnoDB: Operating system error number 203 in a file operation.
2019-07-26 15:00:57 2 [Note] InnoDB: Some operating system error numbers are described at https://mariadb.com/kb/en/library/operating-system-error-codes/
2019-07-26 15:00:57 2 [ERROR] InnoDB: Could not find a valid tablespace file for ``it2go`.`it2go_stats``. Please refer to https://mariadb.com/kb/en/innodb-data-dictionary-troubleshooting/ for how to resolve the issue.
2019-07-26 15:00:57 0 [Note] InnoDB: 10.4.6 started; log sequence number 2423620; transaction id 499
2019-07-26 15:00:57 0 [Note] InnoDB: Loading buffer pool(s) from C:\zamp\mariadb\data\ib_buffer_pool
2019-07-26 15:00:57 0 [Note] Plugin 'FEEDBACK' is disabled.
2019-07-26 15:00:57 0 [Note] Server socket created on IP: '::'.
